<?xml version="1.0" encoding="UTF-8"?>
<testng-results ignored="0" total="1" passed="1" failed="0" skipped="0">
  <reporter-output>
  </reporter-output>
  <suite started-at="2019-04-11T21:32:57Z" name="TestNG" finished-at="2019-04-11T21:33:02Z" duration-ms="4460">
    <groups>
    </groups>
    <test started-at="2019-04-11T21:32:57Z" name="testngTest" finished-at="2019-04-11T21:33:02Z" duration-ms="4460">
      <class name="firsttestngpackage.FirstTestNGFile">
        <test-method signature="verifyHomepageTitle()[pri:0, instance:firsttestngpackage.FirstTestNGFile@7770f470]" started-at="2019-04-11T21:32:57Z" name="verifyHomepageTitle" finished-at="2019-04-11T21:33:02Z" duration-ms="4433" status="PASS">
          <reporter-output>
          </reporter-output>
        </test-method> <!-- verifyHomepageTitle -->
      </class> <!-- firsttestngpackage.FirstTestNGFile -->
    </test> <!-- testngTest -->
  </suite> <!-- TestNG -->
</testng-results>
