<?xml version="1.0" encoding="UTF-8"?>
<testng-results ignored="0" total="1" passed="1" failed="0" skipped="0">
  <reporter-output>
  </reporter-output>
  <suite started-at="2019-04-16T15:43:53Z" name="Default suite" finished-at="2019-04-16T15:44:06Z" duration-ms="12897">
    <groups>
    </groups>
    <test started-at="2019-04-16T15:43:53Z" name="Default test" finished-at="2019-04-16T15:44:06Z" duration-ms="12897">
      <class name="firsttestngpackage.OlsonsDesign1">
        <test-method signature="QuickTest()[pri:0, instance:firsttestngpackage.OlsonsDesign1@7770f470]" started-at="2019-04-16T15:43:53Z" name="QuickTest" finished-at="2019-04-16T15:44:06Z" duration-ms="12878" status="PASS">
          <reporter-output>
          </reporter-output>
        </test-method> <!-- QuickTest -->
      </class> <!-- firsttestngpackage.OlsonsDesign1 -->
    </test> <!-- Default test -->
  </suite> <!-- Default suite -->
</testng-results>
